[0.000000] Reading graph file 49_output_directory//Graph2
[0.001663] Graph has 5875 nodes and 2567781 sequences
[1.552692] Measuring median coverage depth...
[1.554634] Median coverage depth = 33.683066
[1.554759] Reading read set file 49_output_directory//Sequences;
[2.103954] 2567781 sequences found
[4.221600] Done
[6.006895] Removing contigs with coverage < 16.841533...
[6.012176] Concatenation...
[6.050470] Renumbering nodes
[6.050473] Initial node count 5875
[6.050532] Removed 3578 null nodes
[6.050533] Concatenation over!
[6.050575] Concatenation...
[6.050648] Renumbering nodes
[6.050649] Initial node count 2297
[6.050651] Removed 0 null nodes
[6.050651] Concatenation over!
[6.050658] Clipping short tips off graph, drastic
[6.050855] Concatenation...
[6.051616] Renumbering nodes
[6.051617] Initial node count 2297
[6.051652] Removed 89 null nodes
[6.051652] Concatenation over!
[6.051653] 2208 nodes left
[6.051659] Read coherency...
[6.051682] Identifying unique nodes
[6.051717] Done, 704 unique nodes counted
[6.051717] Trimming read tips
[6.051771] Renumbering nodes
[6.051772] Initial node count 2208
[6.051774] Removed 0 null nodes
[6.051774] Confronted to 0 multiple hits and 0 null over 0
[6.051774] Read coherency over!
[6.064346] Starting pebble resolution...
[6.075116] Computing read to node mapping array sizes
[6.142586] Computing read to node mappings
[6.395891] Estimating library insert lengths...
[6.407323] Done
[6.407331] Computing direct node to node mappings
[6.448855] Scaffolding node 0
[6.486782]  === Nodes Scaffolded in 0.079451 s
[6.492626] Preparing to correct graph with cutoff 0.200000
[6.518249] Cleaning memory
[6.518252] Deactivating local correction settings
[6.518281] Pebble done.
[6.518282] Starting pebble resolution...
[6.527766] Computing read to node mapping array sizes
[6.592731] Computing read to node mappings
[6.850673] Estimating library insert lengths...
[6.863772] Done
[6.863781] Computing direct node to node mappings
[6.904111] Scaffolding node 0
[6.940480]  === Nodes Scaffolded in 0.076698 s
[6.945190] Preparing to correct graph with cutoff 0.200000
[6.946704] Cleaning memory
[6.947659] Deactivating local correction settings
[6.947692] Pebble done.
[6.947693] Concatenation...
[6.949223] Renumbering nodes
[6.949224] Initial node count 2208
[6.949265] Removed 576 null nodes
[6.949280] Concatenation over!
[6.949281] Removing reference contigs with coverage < 16.841533...
[6.949338] Concatenation...
[6.949396] Renumbering nodes
[6.949396] Initial node count 1632
[6.949398] Removed 0 null nodes
[6.949411] Concatenation over!
[6.964720] Writing contigs into 49_output_directory//contigs.fa...
[7.367155] Writing into stats file 49_output_directory//stats.txt...
[7.389572] Writing into graph file 49_output_directory//LastGraph...
[7.880553] Estimated Coverage = 33.683066
[7.880560] Estimated Coverage cutoff = 16.841533
Final graph has 1632 nodes and n50 of 4430, max 36250, total 1167088, using 1903968/2567781 reads
	Command being timed: "velvetg 49_output_directory/ -ins_length 200 -exp_cov auto"
	User time (seconds): 6.97
	System time (seconds): 0.88
	Percent of CPU this job got: 98%
	Elapsed (wall clock) time (h:mm:ss or m:ss): 0:07.94
	Average shared text size (kbytes): 0
	Average unshared data size (kbytes): 0
	Average stack size (kbytes): 0
	Average total size (kbytes): 0
	Maximum resident set size (kbytes): 512340
	Average resident set size (kbytes): 0
	Major (requiring I/O) page faults: 0
	Minor (reclaiming a frame) page faults: 177644
	Voluntary context switches: 61
	Involuntary context switches: 27
	Swaps: 0
	File system inputs: 0
	File system outputs: 0
	Socket messages sent: 0
	Socket messages received: 0
	Signals delivered: 0
	Page size (bytes): 4096
	Exit status: 0
TOTAL LENGTH OF GENOME ASSEMBLY: 1196284
NUM CONTIG: 835
MAX CONTIG LENGTH: 36298
MEAN CONTIG LENGTH: 1432.6754491017964
MEAN COVERAGE DEPTH: 74.86730145748498
N50:  4313
#Contig length	Number of contigs in this category
0	59
100	205
200	94
300	51
400	46
500	29
600	22
700	24
800	24
900	16
1000	9
1100	13
1200	21
1300	13
1400	9
1500	11
1600	11
1700	10
1800	11
1900	8
2000	6
2100	12
2200	4
2300	8
2400	5
2500	7
2600	3
2700	4
2800	5
2900	7
3000	2
3100	3
3200	3
3300	3
3400	3
3500	3
3600	1
3700	1
3800	2
3900	2
4100	2
4200	2
4300	2
4400	2
4500	3
4700	2
4800	2
4900	2
5100	3
5200	2
5400	1
5900	2
6200	2
6300	1
6500	1
6600	1
6800	2
7000	1
7200	1
7300	1
7500	1
7600	1
7800	1
8000	1
8100	1
8400	1
8600	2
8700	2
9000	1
9300	1
9400	1
10400	2
10600	1
11700	1
12400	1
15500	1
15600	1
15700	2
16400	1
21500	1
29100	1
29500	1
33400	1
33700	1
36200	1
