[0.000000] Reading graph file 49_output_directory//Graph2
[0.019273] Graph has 5875 nodes and 2567781 sequences
[1.628086] Reading read set file 49_output_directory//Sequences;
[2.204304] 2567781 sequences found
[4.368433] Done
[6.203724] Removing contigs with coverage < 20.000000...
[6.290082] Concatenation...
[6.349725] Renumbering nodes
[6.349727] Initial node count 5875
[6.349787] Removed 3735 null nodes
[6.349788] Concatenation over!
[6.349835] Concatenation...
[6.349922] Renumbering nodes
[6.349923] Initial node count 2140
[6.349925] Removed 0 null nodes
[6.349925] Concatenation over!
[6.349932] Clipping short tips off graph, drastic
[6.350128] Concatenation...
[6.350837] Renumbering nodes
[6.350838] Initial node count 2140
[6.350870] Removed 88 null nodes
[6.350871] Concatenation over!
[6.350871] 2052 nodes left
[6.350875] Read coherency...
[6.350897] Identifying unique nodes
[6.350931] Done, 667 unique nodes counted
[6.350931] Trimming read tips
[6.350985] Renumbering nodes
[6.350986] Initial node count 2052
[6.350987] Removed 0 null nodes
[6.350988] Confronted to 0 multiple hits and 0 null over 0
[6.350988] Read coherency over!
[6.363525] Starting pebble resolution...
[6.374299] Computing read to node mapping array sizes
[6.440252] Computing read to node mappings
[6.687796] Estimating library insert lengths...
[6.699879] Done
[6.699885] Computing direct node to node mappings
[6.744790] Scaffolding node 0
[6.785755]  === Nodes Scaffolded in 0.085870 s
[6.792182] Preparing to correct graph with cutoff 0.200000
[6.819420] Cleaning memory
[6.819423] Deactivating local correction settings
[6.819452] Pebble done.
[6.819453] Starting pebble resolution...
[6.829852] Computing read to node mapping array sizes
[6.892631] Computing read to node mappings
[7.144992] Estimating library insert lengths...
[7.157605] Done
[7.157611] Computing direct node to node mappings
[7.199243] Scaffolding node 0
[7.238588]  === Nodes Scaffolded in 0.080977 s
[7.243550] Preparing to correct graph with cutoff 0.200000
[7.244764] Cleaning memory
[7.245801] Deactivating local correction settings
[7.245838] Pebble done.
[7.245839] Concatenation...
[7.247926] Renumbering nodes
[7.247927] Initial node count 2052
[7.247964] Removed 591 null nodes
[7.247977] Concatenation over!
[7.247978] Removing reference contigs with coverage < 20.000000...
[7.248029] Concatenation...
[7.248080] Renumbering nodes
[7.248080] Initial node count 1461
[7.248082] Removed 0 null nodes
[7.248093] Concatenation over!
[7.262191] Writing contigs into 49_output_directory//contigs.fa...
[7.694981] Writing into stats file 49_output_directory//stats.txt...
[7.714739] Writing into graph file 49_output_directory//LastGraph...
Final graph has 1461 nodes and n50 of 4397, max 36164, total 1090492, using 1868957/2567781 reads
	Command being timed: "velvetg 49_output_directory/ -ins_length 200 -exp_cov 37.68 -cov_cutoff 20"
	User time (seconds): 7.30
	System time (seconds): 0.84
	Percent of CPU this job got: 98%
	Elapsed (wall clock) time (h:mm:ss or m:ss): 0:08.30
	Average shared text size (kbytes): 0
	Average unshared data size (kbytes): 0
	Average stack size (kbytes): 0
	Average total size (kbytes): 0
	Maximum resident set size (kbytes): 512360
	Average resident set size (kbytes): 0
	Major (requiring I/O) page faults: 0
	Minor (reclaiming a frame) page faults: 213250
	Voluntary context switches: 141
	Involuntary context switches: 26
	Swaps: 0
	File system inputs: 0
	File system outputs: 0
	Socket messages sent: 0
	Socket messages received: 0
	Signals delivered: 0
	Page size (bytes): 4096
	Exit status: 0
TOTAL LENGTH OF GENOME ASSEMBLY: 1116365
NUM CONTIG: 748
MAX CONTIG LENGTH: 36212
MEAN CONTIG LENGTH: 1492.466577540107
MEAN COVERAGE DEPTH: 81.0097707740642
N50:  4318
#Contig length	Number of contigs in this category
0	57
100	171
200	85
300	44
400	39
500	26
600	16
700	19
800	18
900	12
1000	6
1100	16
1200	16
1300	11
1400	8
1500	12
1600	12
1700	11
1800	12
1900	9
2000	10
2100	11
2200	2
2300	7
2400	7
2500	6
2600	5
2700	3
2800	5
2900	6
3100	3
3200	3
3300	4
3400	3
3500	2
3600	1
3800	3
3900	2
4100	1
4200	1
4300	4
4400	2
4500	3
4800	3
5100	4
5200	2
5400	1
5600	1
5700	2
6000	1
6100	2
6200	1
6300	2
6600	2
6700	1
6800	1
7000	1
7200	1
7300	1
7600	1
7700	1
8000	1
8200	1
8300	2
8400	1
8500	1
8600	1
8700	1
9200	1
9300	1
10400	2
10500	1
10600	1
11700	1
12000	1
12300	1
13500	1
15400	1
15600	1
21500	1
28100	1
28800	1
33700	1
36200	1
[0.000000] Reading graph file 49_output_directory//Graph2
[0.023355] Graph has 5875 nodes and 2567781 sequences
[0.914201] Reading read set file 49_output_directory//Sequences;
[1.312089] 2567781 sequences found
[3.338748] Done
[5.151329] Removing contigs with coverage < 60.000000...
[5.272918] Concatenation...
[5.306267] Renumbering nodes
[5.306269] Initial node count 5875
[5.306304] Removed 4929 null nodes
[5.306305] Concatenation over!
[5.306327] Concatenation...
[5.306356] Renumbering nodes
[5.306356] Initial node count 946
[5.306357] Removed 0 null nodes
[5.306358] Concatenation over!
[5.306364] Clipping short tips off graph, drastic
[5.306580] Concatenation...
[5.307340] Renumbering nodes
[5.307341] Initial node count 946
[5.307357] Removed 240 null nodes
[5.307358] Concatenation over!
[5.307358] 706 nodes left
[5.307362] Read coherency...
[5.307367] Identifying unique nodes
[5.307379] Done, 0 unique nodes counted
[5.307380] Trimming read tips
[5.307388] Renumbering nodes
[5.307388] Initial node count 706
[5.307389] Removed 0 null nodes
[5.307389] Confronted to 0 multiple hits and 0 null over 0
[5.307390] Read coherency over!
[5.325539] Starting pebble resolution...
[5.336223] Computing read to node mapping array sizes
[5.385644] Computing read to node mappings
[5.516420] Estimating library insert lengths...
[5.528590] Done
[5.528596] Computing direct node to node mappings
[5.528636] Scaffolding node 0
[5.528652]  === Nodes Scaffolded in 0.000055 s
[5.529282] Preparing to correct graph with cutoff 0.200000
[5.529390] Cleaning memory
[5.529392] Deactivating local correction settings
[5.529399] Pebble done.
[5.529399] Starting pebble resolution...
[5.538640] Computing read to node mapping array sizes
[5.586958] Computing read to node mappings
[5.718123] Estimating library insert lengths...
[5.730149] Done
[5.730157] Computing direct node to node mappings
[5.730201] Scaffolding node 0
[5.730217]  === Nodes Scaffolded in 0.000059 s
[5.730886] Preparing to correct graph with cutoff 0.200000
[5.730990] Cleaning memory
[5.730991] Deactivating local correction settings
[5.730997] Pebble done.
[5.730999] Concatenation...
[5.731044] Renumbering nodes
[5.731045] Initial node count 706
[5.731046] Removed 0 null nodes
[5.731049] Concatenation over!
[5.731049] Removing reference contigs with coverage < 60.000000...
[5.731070] Concatenation...
[5.731086] Renumbering nodes
[5.731087] Initial node count 706
[5.731088] Removed 0 null nodes
[5.731090] Concatenation over!
[5.741460] Writing contigs into 49_output_directory//contigs.fa...
[5.967562] Writing into stats file 49_output_directory//stats.txt...
[5.981337] Writing into graph file 49_output_directory//LastGraph...
Final graph has 706 nodes and n50 of 2035, max 6503, total 385487, using 1139678/2567781 reads
	Command being timed: "velvetg 49_output_directory/ -ins_length 200 -exp_cov 37.68 -cov_cutoff 60"
	User time (seconds): 5.47
	System time (seconds): 0.79
	Percent of CPU this job got: 99%
	Elapsed (wall clock) time (h:mm:ss or m:ss): 0:06.30
	Average shared text size (kbytes): 0
	Average unshared data size (kbytes): 0
	Average stack size (kbytes): 0
	Average total size (kbytes): 0
	Maximum resident set size (kbytes): 512352
	Average resident set size (kbytes): 0
	Major (requiring I/O) page faults: 0
	Minor (reclaiming a frame) page faults: 219822
	Voluntary context switches: 39
	Involuntary context switches: 17
	Swaps: 0
	File system inputs: 0
	File system outputs: 0
	Socket messages sent: 0
	Socket messages received: 0
	Signals delivered: 0
	Page size (bytes): 4096
	Exit status: 0
TOTAL LENGTH OF GENOME ASSEMBLY: 401918
NUM CONTIG: 426
MAX CONTIG LENGTH: 6551
MEAN CONTIG LENGTH: 943.4694835680751
MEAN COVERAGE DEPTH: 122.88452067136153
N50:  2044
#Contig length	Number of contigs in this category
0	21
100	99
200	42
300	30
400	29
500	19
600	15
700	18
800	13
900	9
1000	7
1100	9
1200	15
1300	5
1400	5
1500	6
1600	5
1700	6
1800	6
1900	2
2000	5
2100	9
2200	3
2300	3
2400	4
2500	4
2600	1
2700	2
2800	2
2900	2
3100	3
3200	2
3300	3
3400	3
3500	1
3600	2
3800	1
3900	2
4100	1
4200	2
4400	1
4500	1
4600	1
5200	1
5400	1
6200	2
6300	1
6500	1
[0.000000] Reading graph file 49_output_directory//Graph2
[0.000035] Graph has 5875 nodes and 2567781 sequences
[0.885463] Measuring median coverage depth...
[0.886989] Median coverage depth = 33.683066
[0.887164] Reading read set file 49_output_directory//Sequences;
[1.291265] 2567781 sequences found
[3.340765] Done
[5.261445] Removing contigs with coverage < 16.841533...
[5.266708] Concatenation...
[5.307211] Renumbering nodes
[5.307213] Initial node count 5875
[5.307273] Removed 3578 null nodes
[5.307274] Concatenation over!
[5.307316] Concatenation...
[5.307391] Renumbering nodes
[5.307392] Initial node count 2297
[5.307394] Removed 0 null nodes
[5.307394] Concatenation over!
[5.307401] Clipping short tips off graph, drastic
[5.307605] Concatenation...
[5.308449] Renumbering nodes
[5.308450] Initial node count 2297
[5.308488] Removed 89 null nodes
[5.308488] Concatenation over!
[5.308488] 2208 nodes left
[5.308509] Read coherency...
[5.308533] Identifying unique nodes
[5.308569] Done, 773 unique nodes counted
[5.308570] Trimming read tips
[5.308628] Renumbering nodes
[5.308628] Initial node count 2208
[5.308630] Removed 0 null nodes
[5.308631] Confronted to 0 multiple hits and 0 null over 0
[5.308631] Read coherency over!
[5.320967] Starting pebble resolution...
[5.331688] Computing read to node mapping array sizes
[5.398562] Computing read to node mappings
[5.652417] Estimating library insert lengths...
[5.664475] Done
[5.664481] Computing direct node to node mappings
[5.712046] Scaffolding node 0
[5.756664]  === Nodes Scaffolded in 0.092182 s
[5.763280] Preparing to correct graph with cutoff 0.200000
[5.794417] Cleaning memory
[5.794419] Deactivating local correction settings
[5.794450] Pebble done.
[5.794451] Starting pebble resolution...
[5.804410] Computing read to node mapping array sizes
[5.867429] Computing read to node mappings
[6.128162] Estimating library insert lengths...
[6.141757] Done
[6.141766] Computing direct node to node mappings
[6.186577] Scaffolding node 0
[6.228327]  === Nodes Scaffolded in 0.086560 s
[6.233738] Preparing to correct graph with cutoff 0.200000
[6.235857] Cleaning memory
[6.236798] Deactivating local correction settings
[6.236831] Pebble done.
[6.236832] Concatenation...
[6.238986] Renumbering nodes
[6.238987] Initial node count 2208
[6.239026] Removed 694 null nodes
[6.239041] Concatenation over!
[6.239041] Removing reference contigs with coverage < 16.841533...
[6.239094] Concatenation...
[6.239148] Renumbering nodes
[6.239149] Initial node count 1514
[6.239150] Removed 0 null nodes
[6.239162] Concatenation over!
[6.250803] Writing contigs into 49_output_directory//contigs.fa...
[6.697844] Writing into stats file 49_output_directory//stats.txt...
[6.716154] Writing into graph file 49_output_directory//LastGraph...
[7.235278] Estimated Coverage cutoff = 16.841533
Final graph has 1514 nodes and n50 of 4845, max 36250, total 1169500, using 1905554/2567781 reads
	Command being timed: "velvetg 49_output_directory/ -ins_length 200 -exp_cov 37.68 -cov_cutoff auto"
	User time (seconds): 6.47
	System time (seconds): 0.77
	Percent of CPU this job got: 99%
	Elapsed (wall clock) time (h:mm:ss or m:ss): 0:07.27
	Average shared text size (kbytes): 0
	Average unshared data size (kbytes): 0
	Average stack size (kbytes): 0
	Average total size (kbytes): 0
	Maximum resident set size (kbytes): 512420
	Average resident set size (kbytes): 0
	Major (requiring I/O) page faults: 0
	Minor (reclaiming a frame) page faults: 221015
	Voluntary context switches: 44
	Involuntary context switches: 24
	Swaps: 0
	File system inputs: 0
	File system outputs: 0
	Socket messages sent: 0
	Socket messages received: 0
	Signals delivered: 0
	Page size (bytes): 4096
	Exit status: 0
TOTAL LENGTH OF GENOME ASSEMBLY: 1195978
NUM CONTIG: 769
MAX CONTIG LENGTH: 36298
MEAN CONTIG LENGTH: 1555.2379713914174
MEAN COVERAGE DEPTH: 77.7072203485045
N50:  4564
#Contig length	Number of contigs in this category
0	60
100	177
200	87
300	42
400	40
500	28
600	20
700	22
800	18
900	11
1000	9
1100	12
1200	18
1300	11
1400	9
1500	11
1600	12
1700	10
1800	11
1900	10
2000	7
2100	11
2200	4
2300	8
2400	7
2500	6
2600	4
2700	5
2800	5
2900	6
3000	2
3100	3
3200	3
3300	3
3400	4
3500	2
3600	1
3700	1
3800	2
3900	2
4100	2
4200	1
4300	2
4400	2
4500	3
4800	2
4900	2
5100	3
5200	2
5400	1
5600	1
5900	2
6200	1
6300	1
6500	1
6600	1
6800	2
7000	1
7200	1
7300	1
7600	1
7800	1
8000	1
8100	1
8200	1
8300	1
8400	1
8600	2
8700	1
9000	1
9200	1
9300	1
9400	1
10400	2
10600	1
11700	1
12000	1
12400	1
15400	1
15500	1
15600	1
15700	2
16400	1
21500	1
29100	1
29500	1
33400	1
33700	1
36200	1
