[0.000000] Reading graph file 49_output_directory//Graph2
[0.015368] Graph has 5875 nodes and 2567781 sequences
[1.564290] WARNING: NO COVERAGE CUTOFF PROVIDED
[1.564293] Velvet will probably leave behind many detectable errors
[1.564293] See manual for instructions on how to set the coverage cutoff parameter
[1.564377] Reading read set file 49_output_directory//Sequences;
[2.133585] 2567781 sequences found
[4.245960] Done
[5.951472] Removing contigs with coverage < -1.000000...
[6.009330] Concatenation...
[6.009881] Renumbering nodes
[6.009882] Initial node count 5875
[6.009895] Removed 0 null nodes
[6.009895] Concatenation over!
[6.010006] Concatenation...
[6.010225] Renumbering nodes
[6.010226] Initial node count 5875
[6.010231] Removed 0 null nodes
[6.010232] Concatenation over!
[6.010237] Clipping short tips off graph, drastic
[6.010356] Concatenation...
[6.010541] Renumbering nodes
[6.010542] Initial node count 5875
[6.010546] Removed 0 null nodes
[6.010546] Concatenation over!
[6.010547] 5875 nodes left
[6.010551] Read coherency...
[6.010601] Identifying unique nodes
[6.010678] Done, 1992 unique nodes counted
[6.010679] Trimming read tips
[6.010815] Renumbering nodes
[6.010815] Initial node count 5875
[6.010819] Removed 0 null nodes
[6.010820] Confronted to 0 multiple hits and 0 null over 0
[6.010820] Read coherency over!
[6.018923] Starting pebble resolution...
[6.028511] Computing read to node mapping array sizes
[6.125344] Computing read to node mappings
[6.532019] Estimating library insert lengths...
[6.545226] Done
[6.545231] Computing direct node to node mappings
[6.651960] Scaffolding node 0
[6.757443]  === Nodes Scaffolded in 0.212211 s
[6.770567] Preparing to correct graph with cutoff 0.200000
[6.847188] Cleaning memory
[6.847191] Deactivating local correction settings
[6.847253] Pebble done.
[6.847254] Starting pebble resolution...
[6.858301] Computing read to node mapping array sizes
[6.938212] Computing read to node mappings
[7.279071] Estimating library insert lengths...
[7.291988] Done
[7.292006] Computing direct node to node mappings
[7.387069] Scaffolding node 0
[7.480007]  === Nodes Scaffolded in 0.188000 s
[7.489811] Preparing to correct graph with cutoff 0.200000
[7.494491] Cleaning memory
[7.494494] Deactivating local correction settings
[7.494551] Pebble done.
[7.494553] Concatenation...
[7.498113] Renumbering nodes
[7.498114] Initial node count 5875
[7.498212] Removed 1793 null nodes
[7.498246] Concatenation over!
[7.498247] Removing reference contigs with coverage < -1.000000...
[7.498373] Concatenation...
[7.498515] Renumbering nodes
[7.498516] Initial node count 4082
[7.498519] Removed 0 null nodes
[7.498550] Concatenation over!
[7.509777] Writing contigs into 49_output_directory//contigs.fa...
[7.999717] Writing into stats file 49_output_directory//stats.txt...
[8.031263] Writing into graph file 49_output_directory//LastGraph...
Final graph has 4082 nodes and n50 of 7285, max 41089, total 1558786, using 1980825/2567781 reads
	Command being timed: "velvetg 49_output_directory/ -ins_length 200 -exp_cov 60"
	User time (seconds): 7.75
	System time (seconds): 0.88
	Percent of CPU this job got: 98%
	Elapsed (wall clock) time (h:mm:ss or m:ss): 0:08.77
	Average shared text size (kbytes): 0
	Average unshared data size (kbytes): 0
	Average stack size (kbytes): 0
	Average total size (kbytes): 0
	Maximum resident set size (kbytes): 512312
	Average resident set size (kbytes): 0
	Major (requiring I/O) page faults: 0
	Minor (reclaiming a frame) page faults: 174986
	Voluntary context switches: 118
	Involuntary context switches: 30
	Swaps: 0
	File system inputs: 0
	File system outputs: 0
	Socket messages sent: 0
	Socket messages received: 0
	Signals delivered: 0
	Page size (bytes): 4096
	Exit status: 0
TOTAL LENGTH OF GENOME ASSEMBLY: 1604914
NUM CONTIG: 1694
MAX CONTIG LENGTH: 41137
MEAN CONTIG LENGTH: 947.4108618654074
MEAN COVERAGE DEPTH: 46.41071139197155
N50:  6404
#Contig length	Number of contigs in this category
0	840
100	245
200	110
300	60
400	52
500	36
600	32
700	31
800	18
900	14
1000	8
1100	12
1200	16
1300	11
1400	13
1500	8
1600	8
1700	5
1800	7
1900	9
2000	4
2100	8
2200	4
2300	4
2400	4
2500	5
2600	8
2700	3
2800	6
2900	2
3000	1
3100	2
3200	1
3300	6
3400	2
3500	5
3600	3
3700	2
3800	4
3900	2
4100	1
4200	2
4300	4
4500	1
4600	1
4700	1
4900	2
5000	5
5100	1
5200	3
5400	1
5500	2
5600	1
5800	2
5900	2
6000	1
6300	1
6400	1
6600	2
7100	1
7300	1
7500	1
7600	1
8000	1
8200	1
8400	1
8600	1
9000	4
9200	1
9300	2
9500	1
9900	2
10000	1
10800	1
10900	1
11900	2
12000	2
12200	1
12300	1
13700	1
14100	1
14300	1
14700	1
15700	1
15900	1
20500	1
20900	1
21000	1
21900	1
22800	1
28000	1
28800	1
29100	1
29600	1
31700	1
33500	1
33700	1
35800	1
40300	1
41100	1
