velveth: Could not open fq_1: No such file or directory
Command exited with non-zero status 1
	Command being timed: "velveth output_directory/ 31 -shortPaired -fastq -separate fq_1 fq_2 -short2 -fastq fq_unmatched"
	User time (seconds): 0.00
	System time (seconds): 0.00
	Percent of CPU this job got: 57%
	Elapsed (wall clock) time (h:mm:ss or m:ss): 0:00.00
	Average shared text size (kbytes): 0
	Average unshared data size (kbytes): 0
	Average stack size (kbytes): 0
	Average total size (kbytes): 0
	Maximum resident set size (kbytes): 1056
	Average resident set size (kbytes): 0
	Major (requiring I/O) page faults: 0
	Minor (reclaiming a frame) page faults: 337
	Voluntary context switches: 14
	Involuntary context switches: 0
	Swaps: 0
	File system inputs: 0
	File system outputs: 0
	Socket messages sent: 0
	Socket messages received: 0
	Signals delivered: 0
	Page size (bytes): 4096
	Exit status: 1
