[0.000000] Reading graph file 49_output_directory//Graph2
[0.014421] Graph has 5875 nodes and 2567781 sequences
[1.536415] WARNING: NO COVERAGE CUTOFF PROVIDED
[1.536417] Velvet will probably leave behind many detectable errors
[1.536418] See manual for instructions on how to set the coverage cutoff parameter
[1.536496] Reading read set file 49_output_directory//Sequences;
[2.088547] 2567781 sequences found
[4.247997] Done
[6.051904] Removing contigs with coverage < -1.000000...
[6.136241] Concatenation...
[6.136780] Renumbering nodes
[6.136781] Initial node count 5875
[6.136800] Removed 0 null nodes
[6.136800] Concatenation over!
[6.136911] Concatenation...
[6.137137] Renumbering nodes
[6.137137] Initial node count 5875
[6.137141] Removed 0 null nodes
[6.137142] Concatenation over!
[6.137146] Clipping short tips off graph, drastic
[6.137249] Concatenation...
[6.137435] Renumbering nodes
[6.137436] Initial node count 5875
[6.137440] Removed 0 null nodes
[6.137440] Concatenation over!
[6.137440] 5875 nodes left
[6.137445] Read coherency...
[6.137496] Identifying unique nodes
[6.137577] Done, 1605 unique nodes counted
[6.137578] Trimming read tips
[6.137704] Renumbering nodes
[6.137704] Initial node count 5875
[6.137709] Removed 0 null nodes
[6.137709] Confronted to 0 multiple hits and 0 null over 0
[6.137710] Read coherency over!
[6.146656] Starting pebble resolution...
[6.157135] Computing read to node mapping array sizes
[6.253971] Computing read to node mappings
[6.670705] Estimating library insert lengths...
[6.683476] Done
[6.683480] Computing direct node to node mappings
[6.749283] Scaffolding node 0
[6.811610]  === Nodes Scaffolded in 0.128129 s
[6.820306] Preparing to correct graph with cutoff 0.200000
[6.874298] Cleaning memory
[6.874301] Deactivating local correction settings
[6.874355] Pebble done.
[6.874356] Starting pebble resolution...
[6.884786] Computing read to node mapping array sizes
[6.963583] Computing read to node mappings
[7.321375] Estimating library insert lengths...
[7.334656] Done
[7.334672] Computing direct node to node mappings
[7.393357] Scaffolding node 0
[7.449269]  === Nodes Scaffolded in 0.114597 s
[7.455673] Preparing to correct graph with cutoff 0.200000
[7.457890] Cleaning memory
[7.458867] Deactivating local correction settings
[7.458922] Pebble done.
[7.458923] Concatenation...
[7.461459] Renumbering nodes
[7.461460] Initial node count 5875
[7.461560] Removed 1352 null nodes
[7.461594] Concatenation over!
[7.461594] Removing reference contigs with coverage < -1.000000...
[7.461729] Concatenation...
[7.461887] Renumbering nodes
[7.461888] Initial node count 4523
[7.461892] Removed 0 null nodes
[7.461922] Concatenation over!
[7.475196] Writing contigs into 49_output_directory//contigs.fa...
[7.915879] Writing into stats file 49_output_directory//stats.txt...
[7.950095] Writing into graph file 49_output_directory//LastGraph...
Final graph has 4523 nodes and n50 of 5050, max 41089, total 1545049, using 1978028/2567781 reads
	Command being timed: "velvetg 49_output_directory/ -ins_length 200 -exp_cov 37.68"
	User time (seconds): 7.70
	System time (seconds): 0.89
	Percent of CPU this job got: 98%
	Elapsed (wall clock) time (h:mm:ss or m:ss): 0:08.73
	Average shared text size (kbytes): 0
	Average unshared data size (kbytes): 0
	Average stack size (kbytes): 0
	Average total size (kbytes): 0
	Maximum resident set size (kbytes): 512312
	Average resident set size (kbytes): 0
	Major (requiring I/O) page faults: 0
	Minor (reclaiming a frame) page faults: 211704
	Voluntary context switches: 75
	Involuntary context switches: 28
	Swaps: 0
	File system inputs: 0
	File system outputs: 0
	Socket messages sent: 0
	Socket messages received: 0
	Signals delivered: 0
	Page size (bytes): 4096
	Exit status: 0
TOTAL LENGTH OF GENOME ASSEMBLY: 1606161
NUM CONTIG: 2027
MAX CONTIG LENGTH: 41137
MEAN CONTIG LENGTH: 792.3833251110015
MEAN COVERAGE DEPTH: 49.084100214109434
N50:  4395
#Contig length	Number of contigs in this category
0	842
100	352
200	181
300	97
400	80
500	48
600	40
700	42
800	33
900	25
1000	14
1100	21
1200	20
1300	20
1400	15
1500	15
1600	14
1700	10
1800	11
1900	14
2000	3
2100	9
2200	4
2300	3
2400	2
2500	6
2600	5
2700	3
2800	4
2900	3
3100	2
3200	2
3300	6
3400	3
3500	3
3600	1
3700	2
3800	2
3900	2
4200	1
4300	3
4500	1
4700	1
5000	3
5100	2
5200	3
5400	2
5500	2
5800	2
5900	1
6000	2
6300	1
6800	2
7000	1
7300	1
7500	1
7600	1
8000	2
8200	1
8400	1
8600	1
9000	3
9300	2
9500	1
9800	1
9900	1
10400	1
10900	1
12000	2
12200	1
12700	1
13700	1
14000	1
14700	1
15700	1
15900	1
20500	1
20900	1
21000	1
23500	1
28000	1
28800	1
29100	1
29600	1
33500	1
33700	1
35800	1
40300	1
41100	1
