	Command being timed: "velveth new_output_directory/ 31 -shortPaired -fastq -separate /projects/bgmp/shared/Bi621/800_3_PE5_interleaved.fq_1 /projects/bgmp/shared/Bi621/800_3_PE5_interleaved.fq_2 -short2 -fastq /projects/bgmp/shared/Bi621/800_3_PE5_interleaved.fq.unmatched"
	User time (seconds): 2096.88
	System time (seconds): 1.34
	Percent of CPU this job got: 99%
	Elapsed (wall clock) time (h:mm:ss or m:ss): 34:58.46
	Average shared text size (kbytes): 0
	Average unshared data size (kbytes): 0
	Average stack size (kbytes): 0
	Average total size (kbytes): 0
	Maximum resident set size (kbytes): 732140
	Average resident set size (kbytes): 0
	Major (requiring I/O) page faults: 0
	Minor (reclaiming a frame) page faults: 824086
	Voluntary context switches: 389
	Involuntary context switches: 162697
	Swaps: 0
	File system inputs: 0
	File system outputs: 0
	Socket messages sent: 0
	Socket messages received: 0
	Signals delivered: 0
	Page size (bytes): 4096
	Exit status: 0
	Command being timed: "velvetg new_output_directory/ -ins_length 200 -exp_cov 37.68"
	User time (seconds): 101.24
	System time (seconds): 1.39
	Percent of CPU this job got: 99%
	Elapsed (wall clock) time (h:mm:ss or m:ss): 1:42.74
	Average shared text size (kbytes): 0
	Average unshared data size (kbytes): 0
	Average stack size (kbytes): 0
	Average total size (kbytes): 0
	Maximum resident set size (kbytes): 553148
	Average resident set size (kbytes): 0
	Major (requiring I/O) page faults: 0
	Minor (reclaiming a frame) page faults: 395313
	Voluntary context switches: 195
	Involuntary context switches: 288
	Swaps: 0
	File system inputs: 0
	File system outputs: 0
	Socket messages sent: 0
	Socket messages received: 0
	Signals delivered: 0
	Page size (bytes): 4096
	Exit status: 0
usage: fa_converter.py [-h] -i INPUT -o OUTPUT
fa_converter.py: error: the following arguments are required: -o/--output
Traceback (most recent call last):
  File "./PS6_part1.py", line 30, in <module>
    with open(GIVEN_FILE, 'r') as contigFile:
FileNotFoundError: [Errno 2] No such file or directory: 'new_output_directory/contigs_converted.fa'
