[0.000000] Reading graph file 49_output_directory//Graph2
[0.000076] Graph has 5875 nodes and 2567781 sequences
[1.477721] WARNING: NO COVERAGE CUTOFF PROVIDED
[1.477724] Velvet will probably leave behind many detectable errors
[1.477725] See manual for instructions on how to set the coverage cutoff parameter
[1.477804] Reading read set file 49_output_directory//Sequences;
[1.974680] 2567781 sequences found
[3.980238] Done
[5.697423] Removing contigs with coverage < -1.000000...
[5.755886] Concatenation...
[5.756424] Renumbering nodes
[5.756425] Initial node count 5875
[5.756438] Removed 0 null nodes
[5.756438] Concatenation over!
[5.756542] Concatenation...
[5.756725] Renumbering nodes
[5.756725] Initial node count 5875
[5.756730] Removed 0 null nodes
[5.756730] Concatenation over!
[5.756735] Clipping short tips off graph, drastic
[5.756835] Concatenation...
[5.757017] Renumbering nodes
[5.757018] Initial node count 5875
[5.757022] Removed 0 null nodes
[5.757022] Concatenation over!
[5.757023] 5875 nodes left
[5.757026] Read coherency...
[5.757075] Identifying unique nodes
[5.757150] Done, 1992 unique nodes counted
[5.757151] Trimming read tips
[5.757285] Renumbering nodes
[5.757285] Initial node count 5875
[5.757289] Removed 0 null nodes
[5.757290] Confronted to 0 multiple hits and 0 null over 0
[5.757290] Read coherency over!
[5.765422] Starting pebble resolution...
[5.775015] Computing read to node mapping array sizes
[5.871635] Computing read to node mappings
[6.274316] Estimating library insert lengths...
[6.286378] Done
[6.286383] Computing direct node to node mappings
[6.393644] Scaffolding node 0
[6.500521]  === Nodes Scaffolded in 0.214138 s
[6.514328] Preparing to correct graph with cutoff 0.200000
[6.598459] Cleaning memory
[6.598463] Deactivating local correction settings
[6.598523] Pebble done.
[6.598524] Starting pebble resolution...
[6.610274] Computing read to node mapping array sizes
[6.690179] Computing read to node mappings
[7.033980] Estimating library insert lengths...
[7.046861] Done
[7.046878] Computing direct node to node mappings
[7.143476] Scaffolding node 0
[7.237281]  === Nodes Scaffolded in 0.190401 s
[7.247150] Preparing to correct graph with cutoff 0.200000
[7.254276] Cleaning memory
[7.254278] Deactivating local correction settings
[7.255290] Pebble done.
[7.255293] Concatenation...
[7.258611] Renumbering nodes
[7.258611] Initial node count 5875
[7.258701] Removed 1814 null nodes
[7.258735] Concatenation over!
[7.258735] Removing reference contigs with coverage < -1.000000...
[7.258858] Concatenation...
[7.258997] Renumbering nodes
[7.258997] Initial node count 4061
[7.259001] Removed 0 null nodes
[7.259031] Concatenation over!
[7.272111] Writing contigs into 49_output_directory//contigs.fa...
[7.735354] Writing into stats file 49_output_directory//stats.txt...
[7.766199] Writing into graph file 49_output_directory//LastGraph...
Final graph has 4061 nodes and n50 of 10063, max 50367, total 1804376, using 1980893/2567781 reads
	Command being timed: "velvetg 49_output_directory/ -ins_length 500 -exp_cov 60"
	User time (seconds): 7.61
	System time (seconds): 0.85
	Percent of CPU this job got: 99%
	Elapsed (wall clock) time (h:mm:ss or m:ss): 0:08.49
	Average shared text size (kbytes): 0
	Average unshared data size (kbytes): 0
	Average stack size (kbytes): 0
	Average total size (kbytes): 0
	Maximum resident set size (kbytes): 512312
	Average resident set size (kbytes): 0
	Major (requiring I/O) page faults: 0
	Minor (reclaiming a frame) page faults: 176934
	Voluntary context switches: 50
	Involuntary context switches: 22
	Swaps: 0
	File system inputs: 0
	File system outputs: 0
	Socket messages sent: 0
	Socket messages received: 0
	Signals delivered: 0
	Page size (bytes): 4096
	Exit status: 0
TOTAL LENGTH OF GENOME ASSEMBLY: 1850134
NUM CONTIG: 1683
MAX CONTIG LENGTH: 50415
MEAN CONTIG LENGTH: 1099.3071895424837
MEAN COVERAGE DEPTH: 45.9660259774212
N50:  9925
#Contig length	Number of contigs in this category
0	842
100	241
200	110
300	55
400	43
500	33
600	29
700	33
800	18
900	14
1000	11
1100	8
1200	15
1300	10
1400	15
1500	7
1600	8
1700	6
1800	7
1900	7
2000	5
2100	8
2200	2
2300	3
2400	4
2500	6
2600	5
2700	4
2800	3
2900	5
3000	4
3100	1
3200	2
3300	4
3400	3
3500	2
3700	6
3900	3
4000	2
4100	2
4300	3
4400	6
4500	2
4600	1
4700	3
4800	2
4900	2
5100	1
5200	3
5300	1
5500	1
5600	1
5700	2
6100	2
6200	2
6300	2
6400	2
6500	1
6800	1
6900	2
7000	1
7200	1
7300	2
7700	2
8200	1
8800	1
8900	1
9300	1
9900	1
10000	1
10100	2
10300	1
10500	1
10600	1
10700	1
10800	1
11400	1
11500	3
11600	1
11700	1
12300	1
13000	2
13400	1
13700	1
13900	1
14000	1
14500	1
14800	1
15800	1
16100	1
16400	1
18000	1
20500	1
20800	1
21700	1
23500	1
25400	1
26000	1
26400	1
28700	1
29700	1
31900	1
34800	1
34900	1
36200	1
36300	1
40500	1
45000	1
47700	1
50400	1
